<?xml version="1.0" encoding="UTF-8"?>
<!-- Generated by org.testng.reporters.JUnitReportReporter -->
<testsuite hostname="LAPTOP-D3MD0V0G" failures="0" tests="3" name="com.selenium.assessment.Logout" time="15.038" errors="0" timestamp="2022-01-30T21:39:36 SAST" skipped="0">
  <testcase classname="com.selenium.assessment.Logout" name="test_case_ten" time="10.019"/>
  <system-out/>
  <testcase classname="com.selenium.assessment.Logout" name="validateUserLogin" time="0.003"/>
  <system-out/>
  <testcase classname="com.selenium.assessment.Logout" name="validateTitle" time="5.016"/>
  <system-out/>
</testsuite> <!-- com.selenium.assessment.Logout -->
