<?xml version="1.0" encoding="UTF-8"?>
<!-- Generated by org.testng.reporters.JUnitReportReporter -->
<testsuite hostname="LAPTOP-D3MD0V0G" failures="0" tests="4" name="com.selenium.assessment.Login" time="7.424" errors="0" timestamp="2022-01-30T22:01:15 SAST" skipped="0">
  <testcase classname="com.selenium.assessment.Login" name="login" time="7.369"/>
  <system-out/>
  <testcase classname="com.selenium.assessment.Login" name="validateUrl" time="0.006"/>
  <system-out/>
  <testcase classname="com.selenium.assessment.Login" name="validateAdminTab" time="0.028"/>
  <system-out/>
  <testcase classname="com.selenium.assessment.Login" name="validateWelcomeAdmin" time="0.021"/>
  <system-out/>
</testsuite> <!-- com.selenium.assessment.Login -->
